# JRE version: OpenJDK Runtime Environment Temurin-21.0.9+10 (21.0.9+10) (build 21.0.9+10-LTS)
# Java VM: OpenJDK 64-Bit Server VM Temurin-21.0.9+10 (21.0.9+10-LTS, mixed mode, sharing, tiered, compressed oops, compressed class ptrs, parallel gc, windows-amd64)
GC Precious Log:
 CardTable entry size: 512
 CPUs: 6 total, 6 available
 Memory: 16332M
 Large Page Support: Disabled
 NUMA Support: Disabled
 Compressed Oops: Enabled (32-bit)
 Alignments: Space 512K, Generation 512K, Heap 2M
 Heap Min Capacity: 100M
 Heap Initial Capacity: 100M
 Heap Max Capacity: 2G
 Pre-touch: Disabled
 Parallel Workers: 6
Heap:
 PSYoungGen      total 6144K, used 5636K [0x00000000d5580000, 0x00000000d5d80000, 0x0000000100000000)
  eden space 4096K, 93% used [0x00000000d5580000,0x00000000d5939390,0x00000000d5980000)
  from space 2048K, 89% used [0x00000000d5980000,0x00000000d5b48010,0x00000000d5b80000)
  to   space 2048K, 0% used [0x00000000d5b80000,0x00000000d5b80000,0x00000000d5d80000)
 ParOldGen       total 224768K, used 224513K [0x0000000080000000, 0x000000008db80000, 0x00000000d5580000)
  object space 224768K, 99% used [0x0000000080000000,0x000000008db404a0,0x000000008db80000)
 Metaspace       used 67726K, committed 69376K, reserved 1114112K
  class space    used 7049K, committed 7808K, reserved 1048576K
GC Heap History (20 events):
Event: 24.480 GC heap before
{Heap before GC invocations=107 (full 3):
 PSYoungGen      total 7680K, used 7660K [0x00000000d5580000, 0x00000000d6480000, 0x0000000100000000)
  eden space 5120K, 100% used [0x00000000d5580000,0x00000000d5a80000,0x00000000d5a80000)
  from space 2560K, 99% used [0x00000000d5a80000,0x00000000d5cfb180,0x00000000d5d00000)
  to   space 5120K, 0% used [0x00000000d5f80000,0x00000000d5f80000,0x00000000d6480000)
 ParOldGen       total 209920K, used 209673K [0x0000000080000000, 0x000000008cd00000, 0x00000000d5580000)
  object space 209920K, 99% used [0x0000000080000000,0x000000008ccc24e8,0x000000008cd00000)
 Metaspace       used 67553K, committed 69248K, reserved 1114112K
  class space    used 7048K, committed 7808K, reserved 1048576K
}
Event: 24.483 GC heap after
{Heap after GC invocations=107 (full 3):
 PSYoungGen      total 9728K, used 4126K [0x00000000d5580000, 0x00000000d6400000, 0x0000000100000000)
  eden space 5120K, 0% used [0x00000000d5580000,0x00000000d5580000,0x00000000d5a80000)
  from space 4608K, 89% used [0x00000000d5f80000,0x00000000d6387ac8,0x00000000d6400000)
  to   space 4608K, 0% used [0x00000000d5b00000,0x00000000d5b00000,0x00000000d5f80000)
 ParOldGen       total 212480K, used 212192K [0x0000000080000000, 0x000000008cf80000, 0x00000000d5580000)
  object space 212480K, 99% used [0x0000000080000000,0x000000008cf38098,0x000000008cf80000)
 Metaspace       used 67553K, committed 69248K, reserved 1114112K
  class space    used 7048K, committed 7808K, reserved 1048576K
}
Event: 24.799 GC heap before
{Heap before GC invocations=108 (full 3):
 PSYoungGen      total 9728K, used 9246K [0x00000000d5580000, 0x00000000d6400000, 0x0000000100000000)
  eden space 5120K, 99% used [0x00000000d5580000,0x00000000d5a7fff8,0x00000000d5a80000)
  from space 4608K, 89% used [0x00000000d5f80000,0x00000000d6387ac8,0x00000000d6400000)
  to   space 4608K, 0% used [0x00000000d5b00000,0x00000000d5b00000,0x00000000d5f80000)
 ParOldGen       total 212480K, used 212192K [0x0000000080000000, 0x000000008cf80000, 0x00000000d5580000)
  object space 212480K, 99% used [0x0000000080000000,0x000000008cf38098,0x000000008cf80000)
 Metaspace       used 67567K, committed 69248K, reserved 1114112K
  class space    used 7048K, committed 7808K, reserved 1048576K
}
Event: 24.803 GC heap after
{Heap after GC invocations=108 (full 3):
 PSYoungGen      total 7168K, used 1859K [0x00000000d5580000, 0x00000000d6080000, 0x0000000100000000)
  eden space 5120K, 0% used [0x00000000d5580000,0x00000000d5580000,0x00000000d5a80000)
  from space 2048K, 90% used [0x00000000d5b00000,0x00000000d5cd0f90,0x00000000d5d00000)
  to   space 3072K, 0% used [0x00000000d5d80000,0x00000000d5d80000,0x00000000d6080000)
 ParOldGen       total 216576K, used 216214K [0x0000000080000000, 0x000000008d380000, 0x00000000d5580000)
  object space 216576K, 99% used [0x0000000080000000,0x000000008d325ba8,0x000000008d380000)
 Metaspace       used 67567K, committed 69248K, reserved 1114112K
  class space    used 7048K, committed 7808K, reserved 1048576K
}
Event: 24.829 GC heap before
{Heap before GC invocations=109 (full 3):
 PSYoungGen      total 7168K, used 6979K [0x00000000d5580000, 0x00000000d6080000, 0x0000000100000000)
  eden space 5120K, 100% used [0x00000000d5580000,0x00000000d5a80000,0x00000000d5a80000)
  from space 2048K, 90% used [0x00000000d5b00000,0x00000000d5cd0f90,0x00000000d5d00000)
  to   space 3072K, 0% used [0x00000000d5d80000,0x00000000d5d80000,0x00000000d6080000)
 ParOldGen       total 216576K, used 216214K [0x0000000080000000, 0x000000008d380000, 0x00000000d5580000)
  object space 216576K, 99% used [0x0000000080000000,0x000000008d325ba8,0x000000008d380000)
 Metaspace       used 67583K, committed 69248K, reserved 1114112K
  class space    used 7048K, committed 7808K, reserved 1048576K
}
Event: 24.831 GC heap after
{Heap after GC invocations=109 (full 3):
 PSYoungGen      total 6144K, used 576K [0x00000000d5580000, 0x00000000d5e80000, 0x0000000100000000)
  eden space 5120K, 0% used [0x00000000d5580000,0x00000000d5580000,0x00000000d5a80000)
  from space 1024K, 56% used [0x00000000d5d80000,0x00000000d5e10000,0x00000000d5e80000)
  to   space 1536K, 0% used [0x00000000d5b80000,0x00000000d5b80000,0x00000000d5d00000)
 ParOldGen       total 218112K, used 217945K [0x0000000080000000, 0x000000008d500000, 0x00000000d5580000)
  object space 218112K, 99% used [0x0000000080000000,0x000000008d4d6428,0x000000008d500000)
 Metaspace       used 67583K, committed 69248K, reserved 1114112K
  class space    used 7048K, committed 7808K, reserved 1048576K
}
Event: 24.883 GC heap before
{Heap before GC invocations=110 (full 3):
 PSYoungGen      total 6144K, used 5696K [0x00000000d5580000, 0x00000000d5e80000, 0x0000000100000000)
  eden space 5120K, 100% used [0x00000000d5580000,0x00000000d5a80000,0x00000000d5a80000)
  from space 1024K, 56% used [0x00000000d5d80000,0x00000000d5e10000,0x00000000d5e80000)
  to   space 1536K, 0% used [0x00000000d5b80000,0x00000000d5b80000,0x00000000d5d00000)
 ParOldGen       total 218112K, used 217945K [0x0000000080000000, 0x000000008d500000, 0x00000000d5580000)
  object space 218112K, 99% used [0x0000000080000000,0x000000008d4d6428,0x000000008d500000)
 Metaspace       used 67630K, committed 69312K, reserved 1114112K
  class space    used 7048K, committed 7808K, reserved 1048576K
}
Event: 24.885 GC heap after
{Heap after GC invocations=110 (full 3):
 PSYoungGen      total 6656K, used 768K [0x00000000d5580000, 0x00000000d5e00000, 0x0000000100000000)
  eden space 5120K, 0% used [0x00000000d5580000,0x00000000d5580000,0x00000000d5a80000)
  from space 1536K, 50% used [0x00000000d5b80000,0x00000000d5c40020,0x00000000d5d00000)
  to   space 1024K, 0% used [0x00000000d5d00000,0x00000000d5d00000,0x00000000d5e00000)
 ParOldGen       total 218624K, used 218429K [0x0000000080000000, 0x000000008d580000, 0x00000000d5580000)
  object space 218624K, 99% used [0x0000000080000000,0x000000008d54f438,0x000000008d580000)
 Metaspace       used 67630K, committed 69312K, reserved 1114112K
  class space    used 7048K, committed 7808K, reserved 1048576K
}
Event: 24.905 GC heap before
{Heap before GC invocations=111 (full 3):
 PSYoungGen      total 6656K, used 5888K [0x00000000d5580000, 0x00000000d5e00000, 0x0000000100000000)
  eden space 5120K, 100% used [0x00000000d5580000,0x00000000d5a80000,0x00000000d5a80000)
  from space 1536K, 50% used [0x00000000d5b80000,0x00000000d5c40020,0x00000000d5d00000)
  to   space 1024K, 0% used [0x00000000d5d00000,0x00000000d5d00000,0x00000000d5e00000)
 ParOldGen       total 218624K, used 218429K [0x0000000080000000, 0x000000008d580000, 0x00000000d5580000)
  object space 218624K, 99% used [0x0000000080000000,0x000000008d54f438,0x000000008d580000)
 Metaspace       used 67632K, committed 69312K, reserved 1114112K
  class space    used 7048K, committed 7808K, reserved 1048576K
}
Event: 24.907 GC heap after
{Heap after GC invocations=111 (full 3):
 PSYoungGen      total 5632K, used 992K [0x00000000d5580000, 0x00000000d6080000, 0x0000000100000000)
  eden space 4608K, 0% used [0x00000000d5580000,0x00000000d5580000,0x00000000d5a00000)
  from space 1024K, 96% used [0x00000000d5d00000,0x00000000d5df8010,0x00000000d5e00000)
  to   space 3072K, 0% used [0x00000000d5a00000,0x00000000d5a00000,0x00000000d5d00000)
 ParOldGen       total 220160K, used 219740K [0x0000000080000000, 0x000000008d700000, 0x00000000d5580000)
  object space 220160K, 99% used [0x0000000080000000,0x000000008d697228,0x000000008d700000)
 Metaspace       used 67632K, committed 69312K, reserved 1114112K
  class space    used 7048K, committed 7808K, reserved 1048576K
}
Event: 24.921 GC heap before
{Heap before GC invocations=112 (full 3):
 PSYoungGen      total 5632K, used 5600K [0x00000000d5580000, 0x00000000d6080000, 0x0000000100000000)
  eden space 4608K, 100% used [0x00000000d5580000,0x00000000d5a00000,0x00000000d5a00000)
  from space 1024K, 96% used [0x00000000d5d00000,0x00000000d5df8010,0x00000000d5e00000)
  to   space 3072K, 0% used [0x00000000d5a00000,0x00000000d5a00000,0x00000000d5d00000)
 ParOldGen       total 220160K, used 219740K [0x0000000080000000, 0x000000008d700000, 0x00000000d5580000)
  object space 220160K, 99% used [0x0000000080000000,0x000000008d697228,0x000000008d700000)
 Metaspace       used 67641K, committed 69312K, reserved 1114112K
  class space    used 7048K, committed 7808K, reserved 1048576K
}
Event: 24.923 GC heap after
{Heap after GC invocations=112 (full 3):
 PSYoungGen      total 6144K, used 1312K [0x00000000d5580000, 0x00000000d5e00000, 0x0000000100000000)
  eden space 4608K, 0% used [0x00000000d5580000,0x00000000d5580000,0x00000000d5a00000)
  from space 1536K, 85% used [0x00000000d5a00000,0x00000000d5b48000,0x00000000d5b80000)
  to   space 2048K, 0% used [0x00000000d5c00000,0x00000000d5c00000,0x00000000d5e00000)
 ParOldGen       total 221184K, used 220753K [0x0000000080000000, 0x000000008d800000, 0x00000000d5580000)
  object space 221184K, 99% used [0x0000000080000000,0x000000008d794648,0x000000008d800000)
 Metaspace       used 67641K, committed 69312K, reserved 1114112K
  class space    used 7048K, committed 7808K, reserved 1048576K
}
Event: 24.986 GC heap before
{Heap before GC invocations=113 (full 3):
 PSYoungGen      total 6144K, used 5920K [0x00000000d5580000, 0x00000000d5e00000, 0x0000000100000000)
  eden space 4608K, 100% used [0x00000000d5580000,0x00000000d5a00000,0x00000000d5a00000)
  from space 1536K, 85% used [0x00000000d5a00000,0x00000000d5b48000,0x00000000d5b80000)
  to   space 2048K, 0% used [0x00000000d5c00000,0x00000000d5c00000,0x00000000d5e00000)
 ParOldGen       total 221184K, used 220753K [0x0000000080000000, 0x000000008d800000, 0x00000000d5580000)
  object space 221184K, 99% used [0x0000000080000000,0x000000008d794648,0x000000008d800000)
 Metaspace       used 67664K, committed 69312K, reserved 1114112K
  class space    used 7049K, committed 7808K, reserved 1048576K
}
Event: 24.987 GC heap after
{Heap after GC invocations=113 (full 3):
 PSYoungGen      total 5632K, used 544K [0x00000000d5580000, 0x00000000d5d00000, 0x0000000100000000)
  eden space 4608K, 0% used [0x00000000d5580000,0x00000000d5580000,0x00000000d5a00000)
  from space 1024K, 53% used [0x00000000d5c00000,0x00000000d5c88000,0x00000000d5d00000)
  to   space 1024K, 0% used [0x00000000d5b00000,0x00000000d5b00000,0x00000000d5c00000)
 ParOldGen       total 222208K, used 221945K [0x0000000080000000, 0x000000008d900000, 0x00000000d5580000)
  object space 222208K, 99% used [0x0000000080000000,0x000000008d8be688,0x000000008d900000)
 Metaspace       used 67664K, committed 69312K, reserved 1114112K
  class space    used 7049K, committed 7808K, reserved 1048576K
}
Event: 25.026 GC heap before
{Heap before GC invocations=114 (full 3):
 PSYoungGen      total 5632K, used 5152K [0x00000000d5580000, 0x00000000d5d00000, 0x0000000100000000)
  eden space 4608K, 100% used [0x00000000d5580000,0x00000000d5a00000,0x00000000d5a00000)
  from space 1024K, 53% used [0x00000000d5c00000,0x00000000d5c88000,0x00000000d5d00000)
  to   space 1024K, 0% used [0x00000000d5b00000,0x00000000d5b00000,0x00000000d5c00000)
 ParOldGen       total 222208K, used 221945K [0x0000000080000000, 0x000000008d900000, 0x00000000d5580000)
  object space 222208K, 99% used [0x0000000080000000,0x000000008d8be688,0x000000008d900000)
 Metaspace       used 67698K, committed 69376K, reserved 1114112K
  class space    used 7049K, committed 7808K, reserved 1048576K
}
Event: 25.028 GC heap after
{Heap after GC invocations=114 (full 3):
 PSYoungGen      total 5632K, used 768K [0x00000000d5580000, 0x00000000d5c80000, 0x0000000100000000)
  eden space 4608K, 0% used [0x00000000d5580000,0x00000000d5580000,0x00000000d5a00000)
  from space 1024K, 75% used [0x00000000d5b00000,0x00000000d5bc0020,0x00000000d5c00000)
  to   space 512K, 0% used [0x00000000d5c00000,0x00000000d5c00000,0x00000000d5c80000)
 ParOldGen       total 222720K, used 222380K [0x0000000080000000, 0x000000008d980000, 0x00000000d5580000)
  object space 222720K, 99% used [0x0000000080000000,0x000000008d92b0b8,0x000000008d980000)
 Metaspace       used 67698K, committed 69376K, reserved 1114112K
  class space    used 7049K, committed 7808K, reserved 1048576K
}
Event: 25.194 GC heap before
{Heap before GC invocations=115 (full 3):
 PSYoungGen      total 5632K, used 5376K [0x00000000d5580000, 0x00000000d5c80000, 0x0000000100000000)
  eden space 4608K, 100% used [0x00000000d5580000,0x00000000d5a00000,0x00000000d5a00000)
  from space 1024K, 75% used [0x00000000d5b00000,0x00000000d5bc0020,0x00000000d5c00000)
  to   space 512K, 0% used [0x00000000d5c00000,0x00000000d5c00000,0x00000000d5c80000)
 ParOldGen       total 222720K, used 222380K [0x0000000080000000, 0x000000008d980000, 0x00000000d5580000)
  object space 222720K, 99% used [0x0000000080000000,0x000000008d92b0b8,0x000000008d980000)
 Metaspace       used 67721K, committed 69376K, reserved 1114112K
  class space    used 7049K, committed 7808K, reserved 1048576K
}
Event: 25.196 GC heap after
{Heap after GC invocations=115 (full 3):
 PSYoungGen      total 4608K, used 492K [0x00000000d5580000, 0x00000000d5f00000, 0x0000000100000000)
  eden space 4096K, 0% used [0x00000000d5580000,0x00000000d5580000,0x00000000d5980000)
  from space 512K, 96% used [0x00000000d5c00000,0x00000000d5c7b398,0x00000000d5c80000)
  to   space 2560K, 0% used [0x00000000d5980000,0x00000000d5980000,0x00000000d5c00000)
 ParOldGen       total 224256K, used 224020K [0x0000000080000000, 0x000000008db00000, 0x00000000d5580000)
  object space 224256K, 99% used [0x0000000080000000,0x000000008dac5108,0x000000008db00000)
 Metaspace       used 67721K, committed 69376K, reserved 1114112K
  class space    used 7049K, committed 7808K, reserved 1048576K
}
Event: 25.209 GC heap before
{Heap before GC invocations=116 (full 3):
 PSYoungGen      total 4608K, used 4588K [0x00000000d5580000, 0x00000000d5f00000, 0x0000000100000000)
  eden space 4096K, 100% used [0x00000000d5580000,0x00000000d5980000,0x00000000d5980000)
  from space 512K, 96% used [0x00000000d5c00000,0x00000000d5c7b398,0x00000000d5c80000)
  to   space 2560K, 0% used [0x00000000d5980000,0x00000000d5980000,0x00000000d5c00000)
 ParOldGen       total 224256K, used 224020K [0x0000000080000000, 0x000000008db00000, 0x00000000d5580000)
  object space 224256K, 99% used [0x0000000080000000,0x000000008dac5108,0x000000008db00000)
 Metaspace       used 67721K, committed 69376K, reserved 1114112K
  class space    used 7049K, committed 7808K, reserved 1048576K
}
Event: 25.212 GC heap after
{Heap after GC invocations=116 (full 3):
 PSYoungGen      total 6144K, used 1824K [0x00000000d5580000, 0x00000000d5d80000, 0x0000000100000000)
  eden space 4096K, 0% used [0x00000000d5580000,0x00000000d5580000,0x00000000d5980000)
  from space 2048K, 89% used [0x00000000d5980000,0x00000000d5b48010,0x00000000d5b80000)
  to   space 2048K, 0% used [0x00000000d5b80000,0x00000000d5b80000,0x00000000d5d80000)
 ParOldGen       total 224768K, used 224513K [0x0000000080000000, 0x000000008db80000, 0x00000000d5580000)
  object space 224768K, 99% used [0x0000000080000000,0x000000008db404a0,0x000000008db80000)
 Metaspace       used 67721K, committed 69376K, reserved 1114112K
  class space    used 7049K, committed 7808K, reserved 1048576K
}

